2020-09-29 17:57:20,376 {'vocab_json': '../data/vocab.json', 'mode': 'train', 'memory_dir': '../data/memory', 'memory_size': 1000, 'batch_size': 16, 'first_train': True, 'learning_rate': 0.001, 'target_q_update_step': 100, 'epsilon_start': 1, 'epsilon_end': 0.1, 'epsilon_update_step': 2000, 'discount': 0.6, 'max_step': 5, 'print_every': 5, 'eval_every': 10, 'save_every': 200, 'model': 'act', 'checkpoint_name': '', 'checkpoint_dir': '../data/checkpoints/act/09_29_17:57_act', 'log_dir': 'logs/act/09_29_17:57_act', 'time_id': '09_29_17:57', 'gpus': [0]}
2020-09-29 17:58:47,672 updtate target q
2020-09-29 17:59:36,851 avg_reward:0.0017867312835174506
2020-09-29 17:59:36,851 avg_loss:0.004235789063386619
2020-09-29 17:59:36,851 avg_q:0.11969953030347824
2020-09-29 17:59:36,931 max action reward:0.0017867312835174506
2020-09-29 17:59:49,491 avg_reward:0.0
2020-09-29 17:59:49,491 avg_loss:0.003807223867624998
2020-09-29 17:59:49,492 avg_q:0.10173977166414261
2020-09-29 18:00:01,652 avg_reward:0.0
2020-09-29 18:00:01,652 avg_loss:0.004551116842776537
2020-09-29 18:00:01,652 avg_q:0.09229303896427155
2020-09-29 18:00:13,804 avg_reward:0.0
2020-09-29 18:00:13,804 avg_loss:0.0046628303825855255
2020-09-29 18:00:13,804 avg_q:0.07769576460123062
2020-09-29 18:01:14,678 avg_reward:-0.054483967453526114
2020-09-29 18:01:14,678 avg_loss:0.015564978495240212
2020-09-29 18:01:14,678 avg_q:0.06521151214838028
2020-09-29 18:01:26,649 avg_reward:0.0
2020-09-29 18:01:26,650 avg_loss:0.013534082099795341
2020-09-29 18:01:26,650 avg_q:0.029420379549264908
2020-09-29 18:01:38,815 avg_reward:0.0
2020-09-29 18:01:38,815 avg_loss:0.013935189694166183
2020-09-29 18:01:38,815 avg_q:0.05428074672818184
2020-09-29 18:01:50,966 avg_reward:0.0
2020-09-29 18:01:50,966 avg_loss:0.008586131036281586
2020-09-29 18:01:50,966 avg_q:0.07446543127298355
2020-09-29 18:02:03,133 avg_reward:0.0
2020-09-29 18:02:03,133 avg_loss:0.012693649157881737
2020-09-29 18:02:03,133 avg_q:0.03219371289014816
2020-09-29 18:02:15,374 avg_reward:0.0
2020-09-29 18:02:15,374 avg_loss:0.004802419804036617
2020-09-29 18:02:15,374 avg_q:0.027704691514372826
2020-09-29 18:02:27,505 avg_reward:0.0
2020-09-29 18:02:27,505 avg_loss:0.006283266004174948
2020-09-29 18:02:27,505 avg_q:0.06326865404844284
2020-09-29 18:02:39,582 avg_reward:0.0
2020-09-29 18:02:39,582 avg_loss:0.002483764663338661
2020-09-29 18:02:39,582 avg_q:0.020088689401745796
2020-09-29 18:02:51,748 avg_reward:0.0
2020-09-29 18:02:51,749 avg_loss:0.005678001791238785
2020-09-29 18:02:51,749 avg_q:0.025269951671361923
2020-09-29 18:03:52,293 avg_reward:0.013615522404115682
2020-09-29 18:03:52,293 avg_loss:0.004180478816851974
2020-09-29 18:03:52,293 avg_q:0.05185844376683235
2020-09-29 18:03:52,350 max action reward:0.013615522404115682
2020-09-29 18:05:01,431 avg_reward:0.10655165160156946
2020-09-29 18:05:01,431 avg_loss:0.012781273107975721
2020-09-29 18:05:01,431 avg_q:0.07656525075435638
2020-09-29 18:05:01,485 max action reward:0.10655165160156946
2020-09-29 18:05:22,119 avg_reward:0.0
2020-09-29 18:05:22,119 avg_loss:0.019497830420732498
2020-09-29 18:05:22,120 avg_q:0.03772427514195442
2020-09-29 18:05:34,241 avg_reward:0.0
2020-09-29 18:05:34,241 avg_loss:0.02744201384484768
2020-09-29 18:05:34,241 avg_q:0.09313374757766724
2020-09-29 18:05:46,464 avg_reward:0.0
2020-09-29 18:05:46,464 avg_loss:0.01550259254872799
2020-09-29 18:05:46,464 avg_q:0.06736782193183899
2020-09-29 18:06:47,077 avg_reward:-0.028429119339290092
2020-09-29 18:06:47,078 avg_loss:0.028212418779730797
2020-09-29 18:06:47,078 avg_q:0.0768890306353569
2020-09-29 18:07:47,629 avg_reward:0.06346803374228019
2020-09-29 18:07:47,629 avg_loss:0.019610682409256695
2020-09-29 18:07:47,629 avg_q:0.0709313452243805
2020-09-29 18:08:48,064 avg_reward:0.0001900054615148838
2020-09-29 18:08:48,065 avg_loss:0.007781791361048817
2020-09-29 18:08:48,065 avg_q:0.07090618461370468
2020-09-29 18:09:00,244 avg_reward:0.0
2020-09-29 18:09:00,244 avg_loss:0.02759791910648346
2020-09-29 18:09:00,244 avg_q:0.06290251016616821
2020-09-29 18:09:12,340 avg_reward:0.0
2020-09-29 18:09:12,340 avg_loss:0.025764482095837593
2020-09-29 18:09:12,340 avg_q:0.08342563360929489
2020-09-29 18:10:13,200 avg_reward:0.01347720864508643
2020-09-29 18:10:13,200 avg_loss:0.010956327058374881
2020-09-29 18:10:13,201 avg_q:0.07780515402555466
2020-09-29 18:11:13,904 avg_reward:-0.00016982810961182216
2020-09-29 18:11:13,905 avg_loss:0.02129907365888357
2020-09-29 18:11:13,905 avg_q:0.11710693687200546
2020-09-29 18:11:26,019 avg_reward:0.0
2020-09-29 18:11:26,019 avg_loss:0.009760299697518349
2020-09-29 18:11:26,019 avg_q:0.06307706981897354
2020-09-29 18:11:38,042 avg_reward:0.0
2020-09-29 18:11:38,042 avg_loss:0.006782530341297388
2020-09-29 18:11:38,042 avg_q:0.06799537688493729
2020-09-29 18:11:50,158 avg_reward:0.0
2020-09-29 18:11:50,158 avg_loss:0.012699706479907036
2020-09-29 18:11:50,158 avg_q:0.10541677474975586
2020-09-29 18:12:02,297 avg_reward:0.0
2020-09-29 18:12:02,297 avg_loss:0.021886903792619705
2020-09-29 18:12:02,297 avg_q:0.10166358202695847
2020-09-29 18:13:02,771 avg_reward:0.002500579216381139
2020-09-29 18:13:02,771 avg_loss:0.010822057723999023
2020-09-29 18:13:02,771 avg_q:0.08416901528835297
2020-09-29 18:14:03,747 avg_reward:-0.007839076227411782
2020-09-29 18:14:03,747 avg_loss:0.006508797919377684
2020-09-29 18:14:03,747 avg_q:0.07033675909042358
2020-09-29 18:14:15,917 avg_reward:0.0
2020-09-29 18:14:15,917 avg_loss:0.005201912485063076
2020-09-29 18:14:15,917 avg_q:0.08241547644138336
2020-09-29 18:14:28,079 avg_reward:0.0
2020-09-29 18:14:28,079 avg_loss:0.008560690097510815
2020-09-29 18:14:28,080 avg_q:0.07358206063508987
2020-09-29 18:15:28,460 avg_reward:0.00044144391359533856
2020-09-29 18:15:28,460 avg_loss:0.007920746970921756
2020-09-29 18:15:28,460 avg_q:0.06956899166107178
2020-09-29 18:16:29,268 avg_reward:-1.7764291032655205e-05
2020-09-29 18:16:29,268 avg_loss:0.012900345376692712
2020-09-29 18:16:29,268 avg_q:0.09395354241132736
2020-09-29 18:16:41,297 avg_reward:0.0
2020-09-29 18:16:41,298 avg_loss:0.002940727397799492
2020-09-29 18:16:41,298 avg_q:0.0786447674036026
2020-09-29 18:16:53,615 avg_reward:0.0
2020-09-29 18:16:53,615 avg_loss:0.02584049478173256
2020-09-29 18:16:53,615 avg_q:0.12153272330760956
2020-09-29 18:17:17,600 avg_reward:0.32072688886684486
2020-09-29 18:17:17,600 avg_loss:0.027775166556239128
2020-09-29 18:17:17,600 avg_q:0.13403454422950745
2020-09-29 18:17:17,659 max action reward:0.32072688886684486
2020-09-29 18:17:38,116 avg_reward:0.0
2020-09-29 18:17:38,117 avg_loss:0.03321587294340134
2020-09-29 18:17:38,117 avg_q:0.11245130747556686
2020-09-29 18:17:50,312 avg_reward:0.0
2020-09-29 18:17:50,312 avg_loss:0.005534513387829065
2020-09-29 18:17:50,312 avg_q:0.09570196270942688
2020-09-29 18:18:58,021 avg_reward:0.0
2020-09-29 18:18:58,021 avg_loss:0.009380592964589596
2020-09-29 18:18:58,021 avg_q:0.05339670926332474
2020-09-29 18:20:03,061 avg_reward:0.02915719206007626
2020-09-29 18:20:03,061 avg_loss:0.024307199381291868
2020-09-29 18:20:03,061 avg_q:0.11294295638799667
2020-09-29 18:20:16,252 avg_reward:0.0
2020-09-29 18:20:16,252 avg_loss:0.03344251215457916
2020-09-29 18:20:16,252 avg_q:0.15010732412338257
2020-09-29 18:20:28,990 updtate target q
2020-09-29 18:21:21,621 avg_reward:-0.002076396074685931
2020-09-29 18:21:21,621 avg_loss:0.016762272734194995
2020-09-29 18:21:21,621 avg_q:0.05669696256518364
2020-09-29 18:21:34,637 avg_reward:0.0
2020-09-29 18:21:34,638 avg_loss:0.003689513076096773
2020-09-29 18:21:34,638 avg_q:0.04354418069124222
2020-09-29 18:21:47,754 avg_reward:0.0
2020-09-29 18:21:47,754 avg_loss:0.027045754715800285
2020-09-29 18:21:47,754 avg_q:0.0900890901684761
2020-09-29 18:22:26,551 avg_reward:0.3188195371386321
2020-09-29 18:22:26,551 avg_loss:0.009180956597750386
2020-09-29 18:22:26,551 avg_q:0.06386497616767883
2020-09-29 18:22:39,423 avg_reward:0.0
2020-09-29 18:22:39,423 avg_loss:0.002835982944816351
2020-09-29 18:22:39,423 avg_q:0.02499861642718315
2020-09-29 18:23:44,531 avg_reward:-0.00033336997475853764
2020-09-29 18:23:44,531 avg_loss:0.030448708590120076
2020-09-29 18:23:44,531 avg_q:0.07579856365919113
2020-09-29 18:23:57,480 avg_reward:0.0
2020-09-29 18:23:57,480 avg_loss:0.0027328256983309984
2020-09-29 18:23:57,480 avg_q:0.05578244850039482
2020-09-29 18:24:10,508 avg_reward:0.0
2020-09-29 18:24:10,508 avg_loss:0.020327549427747726
2020-09-29 18:24:10,508 avg_q:0.0713517963886261
2020-09-29 18:24:23,423 avg_reward:0.0
2020-09-29 18:24:23,423 avg_loss:0.006058237515389919
2020-09-29 18:24:23,423 avg_q:0.06005508825182915
2020-09-29 18:24:36,229 avg_reward:0.0
2020-09-29 18:24:36,229 avg_loss:0.008959976024925709
2020-09-29 18:24:36,229 avg_q:0.059704218059778214
2020-09-29 18:24:49,157 avg_reward:0.0
2020-09-29 18:24:49,158 avg_loss:0.009108255617320538
2020-09-29 18:24:49,158 avg_q:0.020065240561962128
2020-09-29 18:25:01,956 avg_reward:0.0
2020-09-29 18:25:01,957 avg_loss:0.01928366720676422
2020-09-29 18:25:01,957 avg_q:0.07499479502439499
2020-09-29 18:25:14,833 avg_reward:0.0
2020-09-29 18:25:14,833 avg_loss:0.006796347908675671
2020-09-29 18:25:14,833 avg_q:0.03587250038981438
2020-09-29 18:25:27,634 avg_reward:0.0
2020-09-29 18:25:27,634 avg_loss:0.004041218664497137
2020-09-29 18:25:27,635 avg_q:0.042336929589509964
2020-09-29 18:26:32,260 avg_reward:0.0
2020-09-29 18:26:32,261 avg_loss:0.04759110058657825
2020-09-29 18:26:32,261 avg_q:0.09622758626937866
2020-09-29 18:27:37,716 avg_reward:-0.004737021280440875
2020-09-29 18:27:37,716 avg_loss:0.017322917003184557
2020-09-29 18:27:37,716 avg_q:0.05375450849533081
2020-09-29 18:27:50,968 avg_reward:0.0
2020-09-29 18:27:50,968 avg_loss:0.0616089403629303
2020-09-29 18:27:50,968 avg_q:0.0889425203204155
2020-09-29 18:28:04,212 avg_reward:0.0
2020-09-29 18:28:04,212 avg_loss:0.032928869128227234
2020-09-29 18:28:04,212 avg_q:0.06509286165237427
2020-09-29 18:29:09,583 avg_reward:0.0187921892069953
2020-09-29 18:29:09,584 avg_loss:0.020491237146779896
2020-09-29 18:29:09,584 avg_q:0.06360965222120285
2020-09-29 18:29:22,712 avg_reward:0.0
2020-09-29 18:29:22,712 avg_loss:0.0635761022567749
2020-09-29 18:29:22,712 avg_q:0.1192534938454628
2020-09-29 18:30:28,253 avg_reward:-0.00037282357886183877
2020-09-29 18:30:28,253 avg_loss:0.025294100772589444
2020-09-29 18:30:28,253 avg_q:0.06706762313842773
2020-09-29 18:31:33,931 avg_reward:-0.012542923445113454
2020-09-29 18:31:33,931 avg_loss:0.013887083251029253
2020-09-29 18:31:33,931 avg_q:0.05912430211901665
2020-09-29 18:31:47,313 avg_reward:0.0
2020-09-29 18:31:47,313 avg_loss:0.0015259480569511652
2020-09-29 18:31:47,314 avg_q:0.040770526975393295
2020-09-29 18:32:00,614 avg_reward:0.0
2020-09-29 18:32:00,614 avg_loss:0.0016907969256862998
2020-09-29 18:32:00,614 avg_q:0.039102692157030106
2020-09-29 18:32:13,937 avg_reward:0.0
2020-09-29 18:32:13,937 avg_loss:0.0050728111527860165
2020-09-29 18:32:13,937 avg_q:0.037232354283332825
2020-09-29 18:32:27,324 avg_reward:0.0
2020-09-29 18:32:27,324 avg_loss:0.0019734916277229786
2020-09-29 18:32:27,324 avg_q:0.04317190870642662
2020-09-29 18:33:33,595 avg_reward:0.0012812038729173168
2020-09-29 18:33:33,595 avg_loss:0.007647831412032247
2020-09-29 18:33:33,595 avg_q:0.05245140194892883
2020-09-29 18:34:39,784 avg_reward:0.013108968102617058
2020-09-29 18:34:39,784 avg_loss:0.010851265292149036
2020-09-29 18:34:39,784 avg_q:0.07116925716400146
2020-09-29 18:35:46,247 avg_reward:0.0
2020-09-29 18:35:46,247 avg_loss:0.020037616160698234
2020-09-29 18:35:46,247 avg_q:0.06150064989924431
2020-09-29 18:36:52,815 avg_reward:-0.00030534149876319485
2020-09-29 18:36:52,815 avg_loss:0.010957529302686453
2020-09-29 18:36:52,815 avg_q:0.058901991695165634
2020-09-29 18:37:06,014 avg_reward:0.0
2020-09-29 18:37:06,014 avg_loss:0.0019186759600415826
2020-09-29 18:37:06,014 avg_q:0.03784646838903427
2020-09-29 18:37:19,308 avg_reward:0.0
2020-09-29 18:37:19,308 avg_loss:0.0024374164640903473
2020-09-29 18:37:19,308 avg_q:0.0384073480963707
2020-09-29 18:38:25,007 avg_reward:0.04116465255623979
2020-09-29 18:38:25,007 avg_loss:0.009710084495600313
2020-09-29 18:38:25,007 avg_q:0.06783639639616013
2020-09-29 18:39:04,776 avg_reward:0.2326104117599067
2020-09-29 18:39:04,776 avg_loss:0.009962789869556824
2020-09-29 18:39:04,776 avg_q:0.06495124101638794
2020-09-29 18:40:11,103 avg_reward:-0.001680618274082771
2020-09-29 18:40:11,103 avg_loss:0.009865469671785832
2020-09-29 18:40:11,103 avg_q:0.06109501048922539
2020-09-29 18:41:17,379 avg_reward:5.532106706532474e-05
2020-09-29 18:41:17,379 avg_loss:0.008718360774219036
2020-09-29 18:41:17,379 avg_q:0.05670583248138428
2020-09-29 18:42:22,899 updtate target q
2020-09-29 18:42:23,183 avg_reward:-0.01935528449478382
2020-09-29 18:42:23,183 avg_loss:0.03071533942129463
2020-09-29 18:42:23,183 avg_q:0.09017384797334671
2020-09-29 18:43:15,702 avg_reward:0.0
2020-09-29 18:43:15,702 avg_loss:0.01822739467024803
2020-09-29 18:43:15,703 avg_q:0.0630519837141037
2020-09-29 18:43:28,724 avg_reward:0.0
2020-09-29 18:43:28,724 avg_loss:0.06128641963005066
2020-09-29 18:43:28,725 avg_q:0.0830325111746788
2020-09-29 18:43:41,701 avg_reward:0.0
2020-09-29 18:43:41,701 avg_loss:0.026176249608397484
2020-09-29 18:43:41,701 avg_q:0.06403138488531113
2020-09-29 18:43:54,572 avg_reward:0.0
2020-09-29 18:43:54,572 avg_loss:0.007968408986926079
2020-09-29 18:43:54,572 avg_q:0.023551564663648605
2020-09-29 18:44:07,596 avg_reward:0.0
2020-09-29 18:44:07,596 avg_loss:0.026343731209635735
2020-09-29 18:44:07,596 avg_q:0.06585363298654556
2020-09-29 18:44:20,527 avg_reward:0.0
2020-09-29 18:44:20,527 avg_loss:0.08125590533018112
2020-09-29 18:44:20,527 avg_q:0.13929593563079834
2020-09-29 18:45:25,160 avg_reward:-0.0002445992632362728
2020-09-29 18:45:25,160 avg_loss:0.008137740893289447
2020-09-29 18:45:25,160 avg_q:0.04065084084868431
2020-09-29 18:45:38,140 avg_reward:0.0
2020-09-29 18:45:38,140 avg_loss:0.003605219069868326
2020-09-29 18:45:38,140 avg_q:0.04247119277715683
2020-09-29 18:45:51,040 avg_reward:0.0
2020-09-29 18:45:51,040 avg_loss:0.020113587379455566
2020-09-29 18:45:51,040 avg_q:0.02731565199792385
2020-09-29 18:46:55,928 avg_reward:-0.01668960122228451
2020-09-29 18:46:55,929 avg_loss:0.017552464688196778
2020-09-29 18:46:55,929 avg_q:0.03785833343863487
2020-09-29 18:47:34,864 avg_reward:0.27687216574139495
2020-09-29 18:47:34,864 avg_loss:0.005386206787079573
2020-09-29 18:47:34,864 avg_q:0.028737764805555344
2020-09-29 18:48:39,002 avg_reward:0.033029991669291756
2020-09-29 18:48:39,002 avg_loss:0.001723304606275633
2020-09-29 18:48:39,002 avg_q:0.029844945296645164
2020-09-29 18:48:52,101 avg_reward:0.0
2020-09-29 18:48:52,101 avg_loss:0.09933958947658539
2020-09-29 18:48:52,101 avg_q:0.17236994206905365
2020-09-29 18:49:04,910 avg_reward:0.0
2020-09-29 18:49:04,911 avg_loss:0.005859329365193844
2020-09-29 18:49:04,911 avg_q:0.05550815537571907
2020-09-29 18:49:17,757 avg_reward:0.0
2020-09-29 18:49:17,757 avg_loss:0.0008740178891457617
2020-09-29 18:49:17,757 avg_q:0.022699743509292603
2020-09-29 18:49:30,560 avg_reward:0.0
2020-09-29 18:49:30,560 avg_loss:0.02643590047955513
2020-09-29 18:49:30,560 avg_q:0.07038756459951401
2020-09-29 18:49:43,439 avg_reward:0.0
2020-09-29 18:49:43,440 avg_loss:0.0032112172339111567
2020-09-29 18:49:43,440 avg_q:0.037610724568367004
2020-09-29 18:49:56,263 avg_reward:0.0
2020-09-29 18:49:56,264 avg_loss:0.0014615958789363503
2020-09-29 18:49:56,264 avg_q:0.03330988436937332
2020-09-29 18:50:09,075 avg_reward:0.0
2020-09-29 18:50:09,075 avg_loss:0.005966505501419306
2020-09-29 18:50:09,075 avg_q:0.007050398737192154
2020-09-29 18:50:22,038 avg_reward:0.0
2020-09-29 18:50:22,038 avg_loss:0.018376845866441727
2020-09-29 18:50:22,038 avg_q:0.06397704035043716
2020-09-29 18:50:34,939 avg_reward:0.0
2020-09-29 18:50:34,939 avg_loss:0.005177055951207876
2020-09-29 18:50:34,940 avg_q:0.05708681046962738
2020-09-29 18:50:48,003 avg_reward:0.0
2020-09-29 18:50:48,003 avg_loss:0.0015167261008173227
2020-09-29 18:50:48,003 avg_q:0.031214416027069092
2020-09-29 18:51:00,961 avg_reward:0.0
2020-09-29 18:51:00,961 avg_loss:0.017645213752985
2020-09-29 18:51:00,961 avg_q:0.0027901260182261467
2020-09-29 18:51:13,880 avg_reward:0.0
2020-09-29 18:51:13,881 avg_loss:0.001977656502276659
2020-09-29 18:51:13,881 avg_q:0.028645697981119156
2020-09-29 18:51:26,785 avg_reward:0.0
2020-09-29 18:51:26,785 avg_loss:0.0071686687879264355
2020-09-29 18:51:26,785 avg_q:0.04767593368887901
2020-09-29 18:51:39,754 avg_reward:0.0
2020-09-29 18:51:39,754 avg_loss:0.00419637281447649
2020-09-29 18:51:39,754 avg_q:0.03235568106174469
2020-09-29 18:52:44,638 avg_reward:-0.02211597856541833
2020-09-29 18:52:44,638 avg_loss:0.01047274040756747
2020-09-29 18:52:44,638 avg_q:0.02176985703408718
2020-09-29 18:52:57,636 avg_reward:0.0
2020-09-29 18:52:57,636 avg_loss:0.0654125064611435
2020-09-29 18:52:57,636 avg_q:0.09543188661336899
2020-09-29 18:53:10,641 avg_reward:0.0
2020-09-29 18:53:10,642 avg_loss:0.04973290115594864
2020-09-29 18:53:10,642 avg_q:0.10017397254705429
2020-09-29 18:54:16,148 avg_reward:-0.00150120752540941
2020-09-29 18:54:16,149 avg_loss:0.014579452341422439
2020-09-29 18:54:16,149 avg_q:0.039333004504442215
2020-09-29 18:55:21,473 avg_reward:-0.00011476154713890556
2020-09-29 18:55:21,473 avg_loss:0.01516735516488552
2020-09-29 18:55:21,473 avg_q:0.04199550673365593
2020-09-29 18:55:34,506 avg_reward:0.0
2020-09-29 18:55:34,506 avg_loss:0.0010210839100182056
2020-09-29 18:55:34,506 avg_q:0.02153526432812214
2020-09-29 18:55:47,726 avg_reward:0.0
2020-09-29 18:55:47,726 avg_loss:0.0039054728113114834
2020-09-29 18:55:47,726 avg_q:0.012062782421708107
2020-09-29 18:56:00,654 avg_reward:0.0
2020-09-29 18:56:00,654 avg_loss:0.008885905146598816
2020-09-29 18:56:00,654 avg_q:-0.005384883843362331
2020-09-29 18:56:13,525 avg_reward:0.0
2020-09-29 18:56:13,525 avg_loss:0.015404892154037952
2020-09-29 18:56:13,525 avg_q:0.0028216540813446045
2020-09-29 18:56:26,518 avg_reward:0.0
2020-09-29 18:56:26,518 avg_loss:0.032030414789915085
2020-09-29 18:56:26,518 avg_q:0.07429998368024826
2020-09-29 18:56:39,398 avg_reward:0.0
2020-09-29 18:56:39,398 avg_loss:0.0009260267252102494
2020-09-29 18:56:39,398 avg_q:0.03354763612151146
2020-09-29 18:56:52,279 avg_reward:0.0
2020-09-29 18:56:52,280 avg_loss:0.0006868627388030291
2020-09-29 18:56:52,280 avg_q:0.019430290907621384
2020-09-29 18:57:57,178 avg_reward:0.0
2020-09-29 18:57:57,178 avg_loss:0.012571553024463356
2020-09-29 18:57:57,178 avg_q:0.04276786372065544
2020-09-29 18:59:02,113 avg_reward:-0.00017209957876711192
2020-09-29 18:59:02,113 avg_loss:0.011105015676002949
2020-09-29 18:59:02,113 avg_q:0.020685767754912376
2020-09-29 19:01:05,353 avg_reward:-0.0029931715879677467
2020-09-29 19:01:05,354 avg_loss:0.026661305455490947
2020-09-29 19:01:05,354 avg_q:0.058399688452482224
2020-09-29 19:01:18,948 avg_reward:0.0
2020-09-29 19:01:18,948 avg_loss:0.007879924029111862
2020-09-29 19:01:18,948 avg_q:0.03770532086491585
2020-09-29 19:01:32,559 avg_reward:0.0
2020-09-29 19:01:32,559 avg_loss:0.0014790741261094809
2020-09-29 19:01:32,559 avg_q:0.02734369784593582
2020-09-29 19:01:45,844 avg_reward:0.0
2020-09-29 19:01:45,844 avg_loss:0.000840201391838491
2020-09-29 19:01:45,844 avg_q:0.026062671095132828
2020-09-29 19:01:59,190 avg_reward:0.0
2020-09-29 19:01:59,190 avg_loss:0.05026286840438843
2020-09-29 19:01:59,190 avg_q:0.11805631220340729
2020-09-29 19:03:06,757 avg_reward:-0.01164501676168119
2020-09-29 19:03:06,757 avg_loss:0.014732586941681803
2020-09-29 19:03:06,757 avg_q:0.03256678208708763
2020-09-29 19:04:14,681 avg_reward:-0.06160037176688513
2020-09-29 19:04:14,681 avg_loss:0.026378434780053795
2020-09-29 19:04:14,682 avg_q:0.059448517858982086
2020-09-29 19:04:28,297 avg_reward:0.0
2020-09-29 19:04:28,297 avg_loss:0.02247227542102337
2020-09-29 19:04:28,297 avg_q:0.026120468974113464
2020-09-29 19:05:36,333 avg_reward:0.020442280647028476
2020-09-29 19:05:36,333 avg_loss:0.022883755480870606
2020-09-29 19:05:36,333 avg_q:0.04676363617181778
2020-09-29 19:05:49,539 updtate target q
2020-09-29 19:06:44,183 avg_reward:-0.5018838504327492
2020-09-29 19:06:44,183 avg_loss:0.0179799972102046
2020-09-29 19:06:44,183 avg_q:0.034678149968385696
2020-09-29 19:07:52,428 avg_reward:-0.002460809908150931
2020-09-29 19:07:52,429 avg_loss:0.002636489470023662
2020-09-29 19:07:52,429 avg_q:0.023760223761200905
2020-09-29 19:08:06,029 avg_reward:0.0
2020-09-29 19:08:06,029 avg_loss:0.0026870830915868282
2020-09-29 19:08:06,029 avg_q:0.020398765802383423
2020-09-29 19:09:13,967 avg_reward:0.0013623546336950368
2020-09-29 19:09:13,967 avg_loss:0.027317551587475463
2020-09-29 19:09:13,967 avg_q:0.04730347916483879
2020-09-29 19:09:27,565 avg_reward:0.0
2020-09-29 19:09:27,565 avg_loss:0.008553005754947662
2020-09-29 19:09:27,566 avg_q:0.008640610612928867
2020-09-29 19:09:41,202 avg_reward:0.0
2020-09-29 19:09:41,202 avg_loss:0.01779642142355442
2020-09-29 19:09:41,202 avg_q:0.053782880306243896
2020-09-29 19:09:54,946 avg_reward:0.0
2020-09-29 19:09:54,946 avg_loss:0.0029243985190987587
2020-09-29 19:09:54,946 avg_q:0.0301375612616539
2020-09-29 19:10:08,724 avg_reward:0.0
2020-09-29 19:10:08,725 avg_loss:0.005295012146234512
2020-09-29 19:10:08,725 avg_q:0.02712220512330532
2020-09-29 19:11:17,587 avg_reward:-0.0019641472987740297
2020-09-29 19:11:17,588 avg_loss:0.004880121280439198
2020-09-29 19:11:17,588 avg_q:0.01024990901350975
2020-09-29 19:11:31,309 avg_reward:0.0
2020-09-29 19:11:31,309 avg_loss:0.0018314679618924856
2020-09-29 19:11:31,309 avg_q:0.02873862162232399
2020-09-29 19:12:39,918 avg_reward:0.013357654636131078
2020-09-29 19:12:39,918 avg_loss:0.0012633801321499049
2020-09-29 19:12:39,918 avg_q:0.022866161540150642
2020-09-29 19:13:47,774 avg_reward:0.0009120181643258267
2020-09-29 19:13:47,774 avg_loss:0.017473191116005184
2020-09-29 19:13:47,774 avg_q:0.043408747762441635
2020-09-29 19:14:01,307 avg_reward:0.0
2020-09-29 19:14:01,308 avg_loss:0.0006507852231152356
2020-09-29 19:14:01,308 avg_q:0.012923039495944977
2020-09-29 19:14:14,880 avg_reward:0.0
2020-09-29 19:14:14,880 avg_loss:0.0019948419649153948
2020-09-29 19:14:14,880 avg_q:0.025081466883420944
2020-09-29 19:14:28,319 avg_reward:0.0
2020-09-29 19:14:28,319 avg_loss:0.40683606266975403
2020-09-29 19:14:28,319 avg_q:-0.11314748227596283
2020-09-29 19:14:41,922 avg_reward:0.0
2020-09-29 19:14:41,922 avg_loss:0.021888818591833115
2020-09-29 19:14:41,922 avg_q:0.001697102445177734
2020-09-29 19:14:55,493 avg_reward:0.0
2020-09-29 19:14:55,493 avg_loss:0.0015336362412199378
2020-09-29 19:14:55,493 avg_q:0.03336935117840767
2020-09-29 19:15:50,046 avg_reward:-0.20617099342418707
2020-09-29 19:15:50,047 avg_loss:0.008336976054124534
2020-09-29 19:15:50,047 avg_q:0.027605101466178894
2020-09-29 19:16:03,611 avg_reward:0.0
2020-09-29 19:16:03,611 avg_loss:0.005840781610459089
2020-09-29 19:16:03,611 avg_q:0.04051145538687706
2020-09-29 19:17:10,937 avg_reward:0.0021136295720282174
2020-09-29 19:17:10,938 avg_loss:0.16343553750775755
2020-09-29 19:17:10,938 avg_q:-0.03303562477231026
2020-09-29 19:17:24,508 avg_reward:0.0
2020-09-29 19:17:24,508 avg_loss:0.029088540002703667
2020-09-29 19:17:24,508 avg_q:0.09537401050329208
2020-09-29 19:17:37,981 avg_reward:0.0
2020-09-29 19:17:37,981 avg_loss:0.0009128760430030525
2020-09-29 19:17:37,981 avg_q:0.021073568612337112
2020-09-29 19:17:51,635 avg_reward:0.0
2020-09-29 19:17:51,635 avg_loss:0.0346248485147953
2020-09-29 19:17:51,635 avg_q:0.0708119347691536
2020-09-29 19:18:05,197 avg_reward:0.0
2020-09-29 19:18:05,197 avg_loss:0.027542373165488243
2020-09-29 19:18:05,197 avg_q:0.06039055436849594
2020-09-29 19:18:18,875 avg_reward:0.0
2020-09-29 19:18:18,875 avg_loss:0.006388024892657995
2020-09-29 19:18:18,875 avg_q:0.04561323672533035
2020-09-29 19:18:32,547 avg_reward:0.0
2020-09-29 19:18:32,548 avg_loss:0.1747555285692215
2020-09-29 19:18:32,548 avg_q:-0.08157763630151749
2020-09-29 19:18:46,217 avg_reward:0.0
2020-09-29 19:18:46,217 avg_loss:0.0029761872719973326
2020-09-29 19:18:46,217 avg_q:0.03227885812520981
2020-09-29 19:19:54,834 avg_reward:-0.00040164618164303565
2020-09-29 19:19:54,834 avg_loss:0.0032990745501592757
2020-09-29 19:19:54,834 avg_q:0.03288152068853378
2020-09-29 19:21:03,518 avg_reward:0.0019115810425431822
2020-09-29 19:21:03,518 avg_loss:0.03666531294584274
2020-09-29 19:21:03,518 avg_q:-0.0004650448390748352
2020-09-29 19:22:12,126 avg_reward:-0.1796073018384591
2020-09-29 19:22:12,126 avg_loss:0.046060533821582796
2020-09-29 19:22:12,126 avg_q:0.0787951871752739
2020-09-29 19:22:25,801 avg_reward:0.0
2020-09-29 19:22:25,801 avg_loss:0.007303868420422077
2020-09-29 19:22:25,801 avg_q:0.004732518922537565
2020-09-29 19:26:33,254 avg_reward:-0.13582527021411353
2020-09-29 19:26:33,254 avg_loss:0.014157571992836893
2020-09-29 19:26:33,254 avg_q:0.04797601327300072
2020-09-29 19:27:04,427 avg_reward:0.0
2020-09-29 19:27:04,428 avg_loss:0.008094673976302147
2020-09-29 19:27:04,428 avg_q:0.0605924092233181
2020-09-29 19:27:35,594 avg_reward:0.0
2020-09-29 19:27:35,594 avg_loss:0.03425412252545357
2020-09-29 19:27:35,594 avg_q:0.060926370322704315
2020-09-29 19:28:06,872 avg_reward:0.0
2020-09-29 19:28:06,872 avg_loss:0.4096573293209076
2020-09-29 19:28:06,872 avg_q:-0.12053601443767548
2020-09-29 19:30:44,613 avg_reward:-0.00047166030047166816
2020-09-29 19:30:44,613 avg_loss:0.056607211800292136
2020-09-29 19:30:44,614 avg_q:0.0426938533782959
2020-09-29 19:33:24,204 avg_reward:-0.004549725352138269
2020-09-29 19:33:24,204 avg_loss:0.014436243462841957
2020-09-29 19:33:24,204 avg_q:0.04856935143470764
2020-09-29 19:33:56,200 avg_reward:0.0
2020-09-29 19:33:56,201 avg_loss:0.03560589253902435
2020-09-29 19:33:56,201 avg_q:0.06879358738660812
2020-09-29 19:34:28,256 avg_reward:0.0
2020-09-29 19:34:28,256 avg_loss:0.03213026002049446
2020-09-29 19:34:28,256 avg_q:0.065725177526474
2020-09-29 19:37:09,720 avg_reward:-0.0034980147474322544
2020-09-29 19:37:09,720 avg_loss:0.08035198299330659
2020-09-29 19:37:09,720 avg_q:-0.007328617852181196
2020-09-29 19:37:42,619 avg_reward:0.0
2020-09-29 19:37:42,619 avg_loss:0.06300130486488342
2020-09-29 19:37:42,619 avg_q:0.09506076574325562
2020-09-29 19:38:15,413 updtate target q
2020-09-29 19:38:15,712 avg_reward:0.0
2020-09-29 19:38:15,712 avg_loss:0.00036787736462429166
2020-09-29 19:38:15,712 avg_q:0.008510449901223183
2020-09-29 19:40:57,474 avg_reward:0.010079268415525693
2020-09-29 19:40:57,474 avg_loss:0.00926898893667385
2020-09-29 19:40:57,474 avg_q:0.010302593000233173
2020-09-29 19:41:29,182 avg_reward:0.0
2020-09-29 19:41:29,182 avg_loss:0.0030403570272028446
2020-09-29 19:41:29,182 avg_q:0.00883545447140932
2020-09-29 19:42:00,787 avg_reward:0.0
2020-09-29 19:42:00,787 avg_loss:0.0037821861915290356
2020-09-29 19:42:00,787 avg_q:-2.044363645836711e-05
2020-09-29 19:42:32,348 avg_reward:0.0
2020-09-29 19:42:32,348 avg_loss:0.0004495109897106886
2020-09-29 19:42:32,348 avg_q:0.011086000129580498
2020-09-29 19:45:09,910 avg_reward:0.0009991274190092462
2020-09-29 19:45:09,911 avg_loss:0.017389510897919534
2020-09-29 19:45:09,911 avg_q:0.021526576951146126
2020-09-29 19:45:41,532 avg_reward:0.0
2020-09-29 19:45:41,532 avg_loss:0.0010247881291434169
2020-09-29 19:45:41,532 avg_q:0.0019069763366132975
2020-09-29 19:48:19,750 avg_reward:-0.0030243409183756593
2020-09-29 19:48:19,750 avg_loss:0.04626436652615666
2020-09-29 19:48:19,750 avg_q:-0.0017129097832366824
2020-09-29 19:48:51,482 avg_reward:0.0
2020-09-29 19:48:51,482 avg_loss:0.11717499047517776
2020-09-29 19:48:51,482 avg_q:-0.07443970441818237
2020-09-29 19:51:29,854 avg_reward:0.16144104705460283
2020-09-29 19:51:29,854 avg_loss:0.02730006613419391
2020-09-29 19:51:29,854 avg_q:0.016299014911055565
2020-09-29 19:54:08,678 avg_reward:0.005447965291015414
2020-09-29 19:54:08,678 avg_loss:0.12675846815109254
2020-09-29 19:54:08,678 avg_q:0.031190216541290283
2020-09-29 19:54:40,577 avg_reward:0.0
2020-09-29 19:54:40,577 avg_loss:0.06913101673126221
2020-09-29 19:54:40,577 avg_q:0.03411973640322685
2020-09-29 19:55:12,592 avg_reward:0.0
2020-09-29 19:55:12,592 avg_loss:0.0012492137029767036
2020-09-29 19:55:12,592 avg_q:0.007644613739103079
2020-09-29 19:57:52,634 avg_reward:-2.578966421570866e-05
2020-09-29 19:57:52,634 avg_loss:0.04877461139112711
2020-09-29 19:57:52,634 avg_q:0.0031301609706133604
2020-09-29 20:00:32,943 avg_reward:-0.004306322801870268
2020-09-29 20:00:32,943 avg_loss:0.005922168679535389
2020-09-29 20:00:32,943 avg_q:0.004755901172757149
2020-09-29 20:03:13,780 avg_reward:-0.0003111399257754039
2020-09-29 20:03:13,780 avg_loss:0.08679258208721877
2020-09-29 20:03:13,780 avg_q:-0.02179391123354435
2020-09-29 20:05:54,236 avg_reward:-0.0005306676441347511
2020-09-29 20:05:54,236 avg_loss:0.011322569567710161
2020-09-29 20:05:54,236 avg_q:0.019469937309622765
2020-09-29 20:06:26,045 avg_reward:0.0
2020-09-29 20:06:26,045 avg_loss:0.02617492899298668
2020-09-29 20:06:26,045 avg_q:0.043979790061712265
2020-09-29 20:09:05,193 avg_reward:6.0041238996540335e-05
2020-09-29 20:09:05,193 avg_loss:0.002911636047065258
2020-09-29 20:09:05,193 avg_q:0.007625172380357981
2020-09-29 20:11:44,017 avg_reward:0.00029173134089297627
2020-09-29 20:11:44,017 avg_loss:0.12237107791006566
2020-09-29 20:11:44,017 avg_q:-0.05189096927642822
2020-09-29 20:14:22,974 avg_reward:0.10293561699144038
2020-09-29 20:14:22,975 avg_loss:0.10237951435265132
2020-09-29 20:14:22,975 avg_q:0.006947547197341919
2020-09-29 20:17:01,401 avg_reward:0.0
2020-09-29 20:17:01,401 avg_loss:0.011227087676525116
2020-09-29 20:17:01,401 avg_q:0.02456001192331314
2020-09-29 20:19:38,706 avg_reward:0.014418665260685951
2020-09-29 20:19:38,706 avg_loss:0.041172856977209446
2020-09-29 20:19:38,706 avg_q:-0.01827367953956127
2020-09-29 20:22:16,359 avg_reward:-0.029648520556365576
2020-09-29 20:22:16,359 avg_loss:0.019326184038072826
2020-09-29 20:22:16,359 avg_q:0.025036394596099854
2020-09-29 20:24:54,241 avg_reward:-0.0017410718029007993
2020-09-29 20:24:54,241 avg_loss:0.028110454470152035
2020-09-29 20:24:54,241 avg_q:0.01832590438425541
2020-09-29 20:27:31,824 avg_reward:0.0
2020-09-29 20:27:31,824 avg_loss:0.13076006285846234
2020-09-29 20:27:31,824 avg_q:-0.052192073315382004
2020-09-29 20:30:11,865 avg_reward:0.003940469224868247
2020-09-29 20:30:11,865 avg_loss:0.040340510499663654
2020-09-29 20:30:11,866 avg_q:-0.0006180148920975626
2020-09-29 20:31:15,495 updtate target q
2020-09-29 20:32:52,359 avg_reward:0.03660050545982786
2020-09-29 20:32:52,359 avg_loss:0.04478817577473819
2020-09-29 20:32:52,359 avg_q:-0.008137528784573078
2020-09-29 20:35:32,102 avg_reward:-0.0026098154925709998
2020-09-29 20:35:32,103 avg_loss:0.03990544482367113
2020-09-29 20:35:32,103 avg_q:-0.02789630927145481
2020-09-29 20:38:11,236 avg_reward:-0.0005559501227457503
2020-09-29 20:38:11,237 avg_loss:0.07598189916461706
2020-09-29 20:38:11,237 avg_q:-0.03790973871946335
2020-09-29 20:40:53,657 avg_reward:0.0841502494064435
2020-09-29 20:40:53,657 avg_loss:0.03914921269170009
2020-09-29 20:40:53,658 avg_q:-0.018714286386966705
2020-09-29 20:41:13,348 avg_reward:0.0
2020-09-29 20:41:13,348 avg_loss:0.00046688056318089366
2020-09-29 20:41:13,348 avg_q:-0.017521752044558525
2020-09-29 20:41:32,999 avg_reward:0.0
2020-09-29 20:41:33,000 avg_loss:0.007509039714932442
2020-09-29 20:41:33,000 avg_q:0.012947319075465202
2020-09-29 20:43:11,450 avg_reward:-0.0011571591965828416
2020-09-29 20:43:11,451 avg_loss:0.007854384416714311
2020-09-29 20:43:11,451 avg_q:-0.023240303620696068
2020-09-29 20:43:31,204 avg_reward:0.0
2020-09-29 20:43:31,205 avg_loss:0.00032384289079345763
2020-09-29 20:43:31,205 avg_q:-0.01697726547718048
2020-09-29 20:43:50,874 avg_reward:0.0
2020-09-29 20:43:50,875 avg_loss:0.0009117528097704053
2020-09-29 20:43:50,875 avg_q:-0.02932785078883171
2020-09-29 20:45:29,742 avg_reward:0.012633688195438652
2020-09-29 20:45:29,742 avg_loss:0.016015673021320252
2020-09-29 20:45:29,742 avg_q:-0.013835362158715725
2020-09-29 20:45:49,386 avg_reward:0.0
2020-09-29 20:45:49,386 avg_loss:0.005724241491407156
2020-09-29 20:45:49,386 avg_q:0.00803026556968689
2020-09-29 20:46:09,052 avg_reward:0.0
2020-09-29 20:46:09,052 avg_loss:0.006478114053606987
2020-09-29 20:46:09,053 avg_q:0.01310756802558899
2020-09-29 20:47:48,432 avg_reward:0.0765678821679194
2020-09-29 20:47:48,432 avg_loss:0.0015220653207506985
2020-09-29 20:47:48,433 avg_q:-0.011777708306908607
2020-09-29 20:48:08,227 avg_reward:0.0
2020-09-29 20:48:08,227 avg_loss:0.0006502310861833394
2020-09-29 20:48:08,227 avg_q:-0.01529261376708746
2020-09-29 20:49:48,926 avg_reward:0.15000844672129426
2020-09-29 20:49:48,926 avg_loss:0.009595345088746399
2020-09-29 20:49:48,926 avg_q:4.225969314575195e-05
2020-09-29 20:50:09,238 avg_reward:0.0
2020-09-29 20:50:09,239 avg_loss:0.004129049833863974
2020-09-29 20:50:09,239 avg_q:-0.028942372649908066
2020-09-29 20:51:50,669 avg_reward:-0.00011950747427883568
2020-09-29 20:51:50,669 avg_loss:0.12107005678117275
2020-09-29 20:51:50,669 avg_q:-0.02053307741880417
2020-09-29 20:52:10,946 avg_reward:0.0
2020-09-29 20:52:10,946 avg_loss:0.031441666185855865
2020-09-29 20:52:10,946 avg_q:0.02543405257165432
2020-09-29 20:52:31,395 avg_reward:0.0
2020-09-29 20:52:31,395 avg_loss:0.004682626109570265
2020-09-29 20:52:31,396 avg_q:-0.019254330545663834
2020-09-29 20:52:51,665 avg_reward:0.0
2020-09-29 20:52:51,665 avg_loss:0.06139622628688812
2020-09-29 20:52:51,665 avg_q:0.05621376261115074
2020-09-29 20:53:12,008 avg_reward:0.0
2020-09-29 20:53:12,008 avg_loss:0.00023225139011628926
2020-09-29 20:53:12,008 avg_q:-0.012243352830410004
2020-09-29 20:54:53,276 avg_reward:-0.0005587916236313346
2020-09-29 20:54:53,276 avg_loss:0.07032108595594763
2020-09-29 20:54:53,276 avg_q:-0.032595809549093246
2020-09-29 20:56:34,706 avg_reward:-0.01687383631693996
2020-09-29 20:56:34,706 avg_loss:0.04761530020623468
2020-09-29 20:56:34,706 avg_q:-0.013008974492549896
2020-09-29 20:58:15,953 avg_reward:0.047224784825922614
2020-09-29 20:58:15,953 avg_loss:0.020179917733184994
2020-09-29 20:58:15,953 avg_q:0.0128202885389328
2020-09-29 20:59:57,614 avg_reward:-0.001057851655549594
2020-09-29 20:59:57,614 avg_loss:0.09142680302611553
2020-09-29 20:59:57,614 avg_q:-0.023709652945399284
2020-09-29 21:00:18,117 avg_reward:0.0
2020-09-29 21:00:18,117 avg_loss:0.009925495833158493
2020-09-29 21:00:18,117 avg_q:0.02845657616853714
2020-09-29 21:00:58,903 avg_reward:0.38117194687249073
2020-09-29 21:00:58,903 avg_loss:0.002357768244110048
2020-09-29 21:00:58,903 avg_q:-0.014189008623361588
2020-09-29 21:00:58,962 max action reward:0.38117194687249073
2020-09-29 21:02:49,102 avg_reward:0.0004508857363116794
2020-09-29 21:02:49,102 avg_loss:0.007367656513815745
2020-09-29 21:02:49,102 avg_q:0.005072586238384247
2020-09-29 21:04:30,480 avg_reward:0.00019823285147624136
2020-09-29 21:04:30,480 avg_loss:0.016305764345452188
2020-09-29 21:04:30,480 avg_q:0.005325200967490673
2020-09-29 21:06:12,008 avg_reward:-0.19602714191165366
2020-09-29 21:06:12,008 avg_loss:0.04101699392776936
2020-09-29 21:06:12,008 avg_q:-0.03014557622373104
2020-09-29 21:06:32,074 avg_reward:0.0
2020-09-29 21:06:32,074 avg_loss:0.0020987733732908964
2020-09-29 21:06:32,074 avg_q:-0.008361991494894028
2020-09-29 21:08:13,125 avg_reward:-0.0007524785926682866
2020-09-29 21:08:13,125 avg_loss:0.01631202491989825
2020-09-29 21:08:13,125 avg_q:0.013568970374763012
2020-09-29 21:08:32,984 updtate target q
2020-09-29 21:09:54,192 avg_reward:-0.0006682636450368124
2020-09-29 21:09:54,193 avg_loss:0.08107833770336584
2020-09-29 21:09:54,193 avg_q:-0.025123396888375282
2020-09-29 21:11:35,503 avg_reward:-0.00017356753791506412
2020-09-29 21:11:35,503 avg_loss:0.0030169923673383893
2020-09-29 21:11:35,503 avg_q:0.005741025321185589
2020-09-29 21:13:16,356 avg_reward:0.00040195384217264947
2020-09-29 21:13:16,356 avg_loss:0.015872321149799973
2020-09-29 21:13:16,356 avg_q:0.0034656391944736242
2020-09-29 21:13:36,490 avg_reward:0.0
2020-09-29 21:13:36,490 avg_loss:0.004444103222340345
2020-09-29 21:13:36,490 avg_q:0.013423888012766838
2020-09-29 21:15:17,980 avg_reward:-0.04912138848874545
2020-09-29 21:15:17,981 avg_loss:0.00924402973614633
2020-09-29 21:15:17,981 avg_q:0.01802407018840313
2020-09-29 21:16:58,973 avg_reward:-0.13628542824858456
2020-09-29 21:16:58,973 avg_loss:0.028634340967983007
2020-09-29 21:16:58,973 avg_q:0.021974507719278336
2020-09-29 21:18:40,817 avg_reward:0.0
2020-09-29 21:18:40,817 avg_loss:0.008017126168124378
2020-09-29 21:18:40,817 avg_q:0.008118254132568836
2020-09-29 21:19:01,144 avg_reward:0.0
2020-09-29 21:19:01,144 avg_loss:0.0015651178546249866
2020-09-29 21:19:01,144 avg_q:-0.010126197710633278
2020-09-29 21:20:43,149 avg_reward:-0.0034870605942942815
2020-09-29 21:20:43,149 avg_loss:0.006154375977348536
2020-09-29 21:20:43,149 avg_q:-0.019962038844823837
2020-09-29 21:22:24,694 avg_reward:-1.694058744657785e-05
2020-09-29 21:22:24,694 avg_loss:0.026389738282887265
2020-09-29 21:22:24,694 avg_q:0.005192923825234175
2020-09-29 21:24:06,476 avg_reward:0.0003368425732851283
2020-09-29 21:24:06,476 avg_loss:0.008780253495206124
2020-09-29 21:24:06,476 avg_q:0.003414002014324069
2020-09-29 21:28:28,566 avg_reward:0.011897482290144937
2020-09-29 21:28:28,566 avg_loss:0.01677910555154085
2020-09-29 21:28:28,567 avg_q:0.015428468585014343
2020-09-29 21:29:01,944 avg_reward:0.0
2020-09-29 21:29:01,944 avg_loss:0.0023143014404922724
2020-09-29 21:29:01,944 avg_q:-0.004380388651043177
2020-09-29 21:29:35,474 avg_reward:0.0
2020-09-29 21:29:35,474 avg_loss:0.01835823617875576
2020-09-29 21:29:35,474 avg_q:0.0443820096552372
2020-09-29 21:30:08,891 avg_reward:0.0
2020-09-29 21:30:08,891 avg_loss:0.12411214411258698
2020-09-29 21:30:08,891 avg_q:-0.08497851341962814
2020-09-29 21:32:56,663 avg_reward:0.044232001550706376
2020-09-29 21:32:56,663 avg_loss:0.04697562996298075
2020-09-29 21:32:56,663 avg_q:0.032934751361608505
2020-09-29 21:33:29,832 avg_reward:0.0
2020-09-29 21:33:29,833 avg_loss:0.002690531313419342
2020-09-29 21:33:29,833 avg_q:-0.020367387682199478
2020-09-29 21:34:03,306 avg_reward:0.0
2020-09-29 21:34:03,306 avg_loss:0.003573389258235693
2020-09-29 21:34:03,306 avg_q:0.02092333696782589
2020-09-29 21:34:36,944 avg_reward:0.0
2020-09-29 21:34:36,944 avg_loss:0.004909582901746035
2020-09-29 21:34:36,944 avg_q:0.014783933758735657
2020-09-29 21:37:24,496 avg_reward:0.2244039916924076
2020-09-29 21:37:24,496 avg_loss:0.013427953887730836
2020-09-29 21:37:24,496 avg_q:0.016433414071798325
2020-09-29 21:37:58,243 avg_reward:0.0
2020-09-29 21:37:58,243 avg_loss:0.001305864192545414
2020-09-29 21:37:58,243 avg_q:-0.007558856159448624
2020-09-29 21:40:45,427 avg_reward:0.08003357599549202
2020-09-29 21:40:45,427 avg_loss:0.04713964642724022
2020-09-29 21:40:45,427 avg_q:-0.03392084687948227
2020-09-29 21:43:31,948 avg_reward:0.08411549398192937
2020-09-29 21:43:31,949 avg_loss:0.018369050382170828
2020-09-29 21:43:31,949 avg_q:0.00584032479673624
2020-09-29 21:44:04,617 avg_reward:0.0
2020-09-29 21:44:04,617 avg_loss:0.40543535351753235
2020-09-29 21:44:04,618 avg_q:-0.19885241985321045
2020-09-29 21:44:37,328 avg_reward:0.0
2020-09-29 21:44:37,328 avg_loss:0.003784345928579569
2020-09-29 21:44:37,328 avg_q:-0.011894192546606064
2020-09-29 21:45:10,150 avg_reward:0.0
2020-09-29 21:45:10,150 avg_loss:0.0009316978394053876
2020-09-29 21:45:10,150 avg_q:-0.002752504777163267
2020-09-29 21:45:42,905 avg_reward:0.0
2020-09-29 21:45:42,905 avg_loss:0.12953515350818634
2020-09-29 21:45:42,905 avg_q:-0.13597983121871948
2020-09-29 21:46:15,399 avg_reward:0.0
2020-09-29 21:46:15,399 avg_loss:0.005543761886656284
2020-09-29 21:46:15,399 avg_q:-0.026314627379179
2020-09-29 21:48:56,801 avg_reward:0.001257056562336665
2020-09-29 21:48:56,801 avg_loss:0.0560182873159647
2020-09-29 21:48:56,801 avg_q:0.034877073019742966
2020-09-29 21:49:28,741 avg_reward:0.0
2020-09-29 21:49:28,741 avg_loss:0.01904744654893875
2020-09-29 21:49:28,742 avg_q:0.03271128982305527
2020-09-29 21:52:10,169 avg_reward:0.009351762971444988
2020-09-29 21:52:10,169 avg_loss:0.034625617810525
2020-09-29 21:52:10,169 avg_q:-0.0020856864284723997
2020-09-29 21:54:52,939 avg_reward:-0.001480597319916149
2020-09-29 21:54:52,939 avg_loss:0.04236626601777971
2020-09-29 21:54:52,939 avg_q:0.011630118824541569
2020-09-29 21:55:25,364 updtate target q
2020-09-29 21:55:25,638 avg_reward:0.0
2020-09-29 21:55:25,639 avg_loss:0.018074342980980873
2020-09-29 21:55:25,639 avg_q:0.037185922265052795
2020-09-29 21:55:58,556 avg_reward:0.0
2020-09-29 21:55:58,556 avg_loss:0.06089859828352928
2020-09-29 21:55:58,556 avg_q:0.09075752645730972
2020-09-29 21:58:41,296 avg_reward:-0.0026846416215944224
2020-09-29 21:58:41,296 avg_loss:0.049371879850514236
2020-09-29 21:58:41,296 avg_q:0.013651403598487377
2020-09-29 22:01:23,176 avg_reward:-0.06587582075785955
2020-09-29 22:01:23,176 avg_loss:0.002179381577298045
2020-09-29 22:01:23,176 avg_q:0.011751311831176281
2020-09-29 22:04:05,159 avg_reward:0.0
2020-09-29 22:04:05,159 avg_loss:0.022537278733216225
2020-09-29 22:04:05,159 avg_q:0.03366114944219589
2020-09-29 22:06:45,306 avg_reward:0.01796964900340705
2020-09-29 22:06:45,306 avg_loss:0.01384974901448004
2020-09-29 22:06:45,306 avg_q:0.04147009178996086
2020-09-29 22:09:24,873 avg_reward:-0.025854234196782473
2020-09-29 22:09:24,873 avg_loss:0.0015277336700819434
2020-09-29 22:09:24,873 avg_q:0.015195674262940884
2020-09-29 22:12:06,027 avg_reward:-2.6413647176415195e-06
2020-09-29 22:12:06,027 avg_loss:0.004197016917169094
2020-09-29 22:12:06,027 avg_q:0.01683342456817627
2020-09-29 22:14:47,222 avg_reward:0.004636395061091326
2020-09-29 22:14:47,222 avg_loss:0.010357140679843724
2020-09-29 22:14:47,223 avg_q:0.032472070306539536
2020-09-29 22:17:26,769 avg_reward:0.0003196192140988098
2020-09-29 22:17:26,770 avg_loss:0.009660287911538034
2020-09-29 22:17:26,770 avg_q:0.027235642075538635
2020-09-29 22:20:05,716 avg_reward:0.0
2020-09-29 22:20:05,716 avg_loss:0.0044720518053509295
2020-09-29 22:20:05,717 avg_q:0.009710684418678284
2020-09-29 22:22:43,627 avg_reward:-0.004713026190406494
2020-09-29 22:22:43,627 avg_loss:0.17419929862953723
2020-09-29 22:22:43,627 avg_q:-0.05635980889201164
2020-09-29 22:25:21,299 avg_reward:-0.0484350821584736
2020-09-29 22:25:21,299 avg_loss:0.03163822169881314
2020-09-29 22:25:21,299 avg_q:0.05616169795393944
2020-09-29 22:28:02,158 avg_reward:-0.01345089407139521
2020-09-29 22:28:02,158 avg_loss:0.12708681244403125
2020-09-29 22:28:02,158 avg_q:-0.03437408432364464
2020-09-29 22:30:43,650 avg_reward:-0.3492468803736134
2020-09-29 22:30:43,650 avg_loss:0.026464244560338558
2020-09-29 22:30:43,650 avg_q:0.0421486459672451
2020-09-29 22:33:24,681 avg_reward:0.0029551274538125215
2020-09-29 22:33:24,682 avg_loss:0.004322755010798573
2020-09-29 22:33:24,682 avg_q:0.03106505237519741
2020-09-29 22:36:05,832 avg_reward:0.0
2020-09-29 22:36:05,833 avg_loss:0.040682473283959554
2020-09-29 22:36:05,833 avg_q:0.02278698980808258
2020-09-29 22:38:47,404 avg_reward:0.0029734353230693573
2020-09-29 22:38:47,405 avg_loss:0.06048750913469121
2020-09-29 22:38:47,405 avg_q:-0.01340565551072359
2020-09-29 22:41:28,179 avg_reward:0.0024255754763546173
2020-09-29 22:41:28,179 avg_loss:0.023488260761951096
2020-09-29 22:41:28,180 avg_q:0.017487719655036926
